2024/06/16 - 17:46:19.139	[31merror[0m	D:/MXY/git/mall/service/user/api/internal/logic/user/common.go:172	获取用户邀请码	{"error": "unsupported data type: 0xc00002bda0: Table not set, please set it like: db.Model(&user) or db.Table(\"users\")"}
mall-user/api/internal/logic/user.GetWxMpQrcode
	D:/MXY/git/mall/service/user/api/internal/logic/user/common.go:172
mall-user/api/internal/logic/user.(*InfoLogic).UserInfoLogic
	D:/MXY/git/mall/service/user/api/internal/logic/user/info.go:50
mall-user/api/internal/handler/user.(*Info).UserInfo.func1
	D:/MXY/git/mall/service/user/api/internal/handler/user/info.go:30
mall-pkg/api.(*UserJwt).Middleware.func1
	D:/MXY/git/mall/pkg/api/userjwt.go:59
net/http.HandlerFunc.ServeHTTP
	D:/Environment/versions/go_versions/go/src/net/http/server.go:2084
mall-pkg/api.(*CorsMiddleware).Handle.func1
	D:/MXY/git/mall/pkg/api/cors.go:33
net/http.HandlerFunc.ServeHTTP
	D:/Environment/versions/go_versions/go/src/net/http/server.go:2084
github.com/zeromicro/go-zero/rest/handler.GunzipHandler.func1
	D:/MXY/GoPath/pkg/mod/github.com/zeromicro/go-zero@v1.5.2/rest/handler/gunziphandler.go:26
net/http.HandlerFunc.ServeHTTP
	D:/Environment/versions/go_versions/go/src/net/http/server.go:2084
github.com/zeromicro/go-zero/rest/handler.MaxBytesHandler.func2.1
	D:/MXY/GoPath/pkg/mod/github.com/zeromicro/go-zero@v1.5.2/rest/handler/maxbyteshandler.go:24
net/http.HandlerFunc.ServeHTTP
	D:/Environment/versions/go_versions/go/src/net/http/server.go:2084
github.com/zeromicro/go-zero/rest/handler.MetricHandler.func1.1
	D:/MXY/GoPath/pkg/mod/github.com/zeromicro/go-zero@v1.5.2/rest/handler/metrichandler.go:21
net/http.HandlerFunc.ServeHTTP
	D:/Environment/versions/go_versions/go/src/net/http/server.go:2084
github.com/zeromicro/go-zero/rest/handler.RecoverHandler.func1
	D:/MXY/GoPath/pkg/mod/github.com/zeromicro/go-zero@v1.5.2/rest/handler/recoverhandler.go:21
net/http.HandlerFunc.ServeHTTP
	D:/Environment/versions/go_versions/go/src/net/http/server.go:2084
github.com/zeromicro/go-zero/rest/handler.(*timeoutHandler).ServeHTTP.func1
	D:/MXY/GoPath/pkg/mod/github.com/zeromicro/go-zero@v1.5.2/rest/handler/timeouthandler.go:81
2024/06/16 - 17:54:10.990	[31merror[0m	D:/MXY/git/mall/service/user/api/internal/logic/user/common.go:172	获取用户邀请码	{"error": "record not found"}
mall-user/api/internal/logic/user.GetWxMpQrcode
	D:/MXY/git/mall/service/user/api/internal/logic/user/common.go:172
mall-user/api/internal/logic/user.(*InfoLogic).UserInfoLogic
	D:/MXY/git/mall/service/user/api/internal/logic/user/info.go:50
mall-user/api/internal/handler/user.(*Info).UserInfo.func1
	D:/MXY/git/mall/service/user/api/internal/handler/user/info.go:30
mall-pkg/api.(*UserJwt).Middleware.func1
	D:/MXY/git/mall/pkg/api/userjwt.go:59
net/http.HandlerFunc.ServeHTTP
	D:/Environment/versions/go_versions/go/src/net/http/server.go:2084
mall-pkg/api.(*CorsMiddleware).Handle.func1
	D:/MXY/git/mall/pkg/api/cors.go:33
net/http.HandlerFunc.ServeHTTP
	D:/Environment/versions/go_versions/go/src/net/http/server.go:2084
github.com/zeromicro/go-zero/rest/handler.GunzipHandler.func1
	D:/MXY/GoPath/pkg/mod/github.com/zeromicro/go-zero@v1.5.2/rest/handler/gunziphandler.go:26
net/http.HandlerFunc.ServeHTTP
	D:/Environment/versions/go_versions/go/src/net/http/server.go:2084
github.com/zeromicro/go-zero/rest/handler.MaxBytesHandler.func2.1
	D:/MXY/GoPath/pkg/mod/github.com/zeromicro/go-zero@v1.5.2/rest/handler/maxbyteshandler.go:24
net/http.HandlerFunc.ServeHTTP
	D:/Environment/versions/go_versions/go/src/net/http/server.go:2084
github.com/zeromicro/go-zero/rest/handler.MetricHandler.func1.1
	D:/MXY/GoPath/pkg/mod/github.com/zeromicro/go-zero@v1.5.2/rest/handler/metrichandler.go:21
net/http.HandlerFunc.ServeHTTP
	D:/Environment/versions/go_versions/go/src/net/http/server.go:2084
github.com/zeromicro/go-zero/rest/handler.RecoverHandler.func1
	D:/MXY/GoPath/pkg/mod/github.com/zeromicro/go-zero@v1.5.2/rest/handler/recoverhandler.go:21
net/http.HandlerFunc.ServeHTTP
	D:/Environment/versions/go_versions/go/src/net/http/server.go:2084
github.com/zeromicro/go-zero/rest/handler.(*timeoutHandler).ServeHTTP.func1
	D:/MXY/GoPath/pkg/mod/github.com/zeromicro/go-zero@v1.5.2/rest/handler/timeouthandler.go:81
2024/06/16 - 17:57:41.629	[31merror[0m	D:/MXY/git/mall/service/user/api/internal/logic/user/common.go:172	获取用户邀请码	{"error": "record not found"}
mall-user/api/internal/logic/user.GetWxMpQrcode
	D:/MXY/git/mall/service/user/api/internal/logic/user/common.go:172
mall-user/api/internal/logic/user.(*InfoLogic).UserInfoLogic
	D:/MXY/git/mall/service/user/api/internal/logic/user/info.go:50
mall-user/api/internal/handler/user.(*Info).UserInfo.func1
	D:/MXY/git/mall/service/user/api/internal/handler/user/info.go:30
mall-pkg/api.(*UserJwt).Middleware.func1
	D:/MXY/git/mall/pkg/api/userjwt.go:59
net/http.HandlerFunc.ServeHTTP
	D:/Environment/versions/go_versions/go/src/net/http/server.go:2084
mall-pkg/api.(*CorsMiddleware).Handle.func1
	D:/MXY/git/mall/pkg/api/cors.go:33
net/http.HandlerFunc.ServeHTTP
	D:/Environment/versions/go_versions/go/src/net/http/server.go:2084
github.com/zeromicro/go-zero/rest/handler.GunzipHandler.func1
	D:/MXY/GoPath/pkg/mod/github.com/zeromicro/go-zero@v1.5.2/rest/handler/gunziphandler.go:26
net/http.HandlerFunc.ServeHTTP
	D:/Environment/versions/go_versions/go/src/net/http/server.go:2084
github.com/zeromicro/go-zero/rest/handler.MaxBytesHandler.func2.1
	D:/MXY/GoPath/pkg/mod/github.com/zeromicro/go-zero@v1.5.2/rest/handler/maxbyteshandler.go:24
net/http.HandlerFunc.ServeHTTP
	D:/Environment/versions/go_versions/go/src/net/http/server.go:2084
github.com/zeromicro/go-zero/rest/handler.MetricHandler.func1.1
	D:/MXY/GoPath/pkg/mod/github.com/zeromicro/go-zero@v1.5.2/rest/handler/metrichandler.go:21
net/http.HandlerFunc.ServeHTTP
	D:/Environment/versions/go_versions/go/src/net/http/server.go:2084
github.com/zeromicro/go-zero/rest/handler.RecoverHandler.func1
	D:/MXY/GoPath/pkg/mod/github.com/zeromicro/go-zero@v1.5.2/rest/handler/recoverhandler.go:21
net/http.HandlerFunc.ServeHTTP
	D:/Environment/versions/go_versions/go/src/net/http/server.go:2084
github.com/zeromicro/go-zero/rest/handler.(*timeoutHandler).ServeHTTP.func1
	D:/MXY/GoPath/pkg/mod/github.com/zeromicro/go-zero@v1.5.2/rest/handler/timeouthandler.go:81
2024/06/16 - 17:59:51.069	[31merror[0m	D:/MXY/git/mall/service/user/api/internal/logic/user/common.go:172	获取用户邀请码	{"error": "record not found"}
mall-user/api/internal/logic/user.GetWxMpQrcode
	D:/MXY/git/mall/service/user/api/internal/logic/user/common.go:172
mall-user/api/internal/logic/user.(*InfoLogic).UserInfoLogic
	D:/MXY/git/mall/service/user/api/internal/logic/user/info.go:50
mall-user/api/internal/handler/user.(*Info).UserInfo.func1
	D:/MXY/git/mall/service/user/api/internal/handler/user/info.go:30
mall-pkg/api.(*UserJwt).Middleware.func1
	D:/MXY/git/mall/pkg/api/userjwt.go:59
net/http.HandlerFunc.ServeHTTP
	D:/Environment/versions/go_versions/go/src/net/http/server.go:2084
mall-pkg/api.(*CorsMiddleware).Handle.func1
	D:/MXY/git/mall/pkg/api/cors.go:33
net/http.HandlerFunc.ServeHTTP
	D:/Environment/versions/go_versions/go/src/net/http/server.go:2084
github.com/zeromicro/go-zero/rest/handler.GunzipHandler.func1
	D:/MXY/GoPath/pkg/mod/github.com/zeromicro/go-zero@v1.5.2/rest/handler/gunziphandler.go:26
net/http.HandlerFunc.ServeHTTP
	D:/Environment/versions/go_versions/go/src/net/http/server.go:2084
github.com/zeromicro/go-zero/rest/handler.MaxBytesHandler.func2.1
	D:/MXY/GoPath/pkg/mod/github.com/zeromicro/go-zero@v1.5.2/rest/handler/maxbyteshandler.go:24
net/http.HandlerFunc.ServeHTTP
	D:/Environment/versions/go_versions/go/src/net/http/server.go:2084
github.com/zeromicro/go-zero/rest/handler.MetricHandler.func1.1
	D:/MXY/GoPath/pkg/mod/github.com/zeromicro/go-zero@v1.5.2/rest/handler/metrichandler.go:21
net/http.HandlerFunc.ServeHTTP
	D:/Environment/versions/go_versions/go/src/net/http/server.go:2084
github.com/zeromicro/go-zero/rest/handler.RecoverHandler.func1
	D:/MXY/GoPath/pkg/mod/github.com/zeromicro/go-zero@v1.5.2/rest/handler/recoverhandler.go:21
net/http.HandlerFunc.ServeHTTP
	D:/Environment/versions/go_versions/go/src/net/http/server.go:2084
github.com/zeromicro/go-zero/rest/handler.(*timeoutHandler).ServeHTTP.func1
	D:/MXY/GoPath/pkg/mod/github.com/zeromicro/go-zero@v1.5.2/rest/handler/timeouthandler.go:81
2024/06/16 - 18:02:00.590	[31merror[0m	D:/MXY/git/mall/service/user/api/internal/logic/user/common.go:172	获取用户邀请码	{"error": "邀请码不存在"}
mall-user/api/internal/logic/user.GetWxMpQrcode
	D:/MXY/git/mall/service/user/api/internal/logic/user/common.go:172
mall-user/api/internal/logic/user.(*InfoLogic).UserInfoLogic
	D:/MXY/git/mall/service/user/api/internal/logic/user/info.go:50
mall-user/api/internal/handler/user.(*Info).UserInfo.func1
	D:/MXY/git/mall/service/user/api/internal/handler/user/info.go:30
mall-pkg/api.(*UserJwt).Middleware.func1
	D:/MXY/git/mall/pkg/api/userjwt.go:59
net/http.HandlerFunc.ServeHTTP
	D:/Environment/versions/go_versions/go/src/net/http/server.go:2084
mall-pkg/api.(*CorsMiddleware).Handle.func1
	D:/MXY/git/mall/pkg/api/cors.go:33
net/http.HandlerFunc.ServeHTTP
	D:/Environment/versions/go_versions/go/src/net/http/server.go:2084
github.com/zeromicro/go-zero/rest/handler.GunzipHandler.func1
	D:/MXY/GoPath/pkg/mod/github.com/zeromicro/go-zero@v1.5.2/rest/handler/gunziphandler.go:26
net/http.HandlerFunc.ServeHTTP
	D:/Environment/versions/go_versions/go/src/net/http/server.go:2084
github.com/zeromicro/go-zero/rest/handler.MaxBytesHandler.func2.1
	D:/MXY/GoPath/pkg/mod/github.com/zeromicro/go-zero@v1.5.2/rest/handler/maxbyteshandler.go:24
net/http.HandlerFunc.ServeHTTP
	D:/Environment/versions/go_versions/go/src/net/http/server.go:2084
github.com/zeromicro/go-zero/rest/handler.MetricHandler.func1.1
	D:/MXY/GoPath/pkg/mod/github.com/zeromicro/go-zero@v1.5.2/rest/handler/metrichandler.go:21
net/http.HandlerFunc.ServeHTTP
	D:/Environment/versions/go_versions/go/src/net/http/server.go:2084
github.com/zeromicro/go-zero/rest/handler.RecoverHandler.func1
	D:/MXY/GoPath/pkg/mod/github.com/zeromicro/go-zero@v1.5.2/rest/handler/recoverhandler.go:21
net/http.HandlerFunc.ServeHTTP
	D:/Environment/versions/go_versions/go/src/net/http/server.go:2084
github.com/zeromicro/go-zero/rest/handler.(*timeoutHandler).ServeHTTP.func1
	D:/MXY/GoPath/pkg/mod/github.com/zeromicro/go-zero@v1.5.2/rest/handler/timeouthandler.go:81
