2024/07/24 - 01:07:54.746	[31merror[0m	D:/MXY/git/Inout/service/admin/api/internal/logic/out.go:88	添加失败	{"error": "empty slice found"}
mall-admin/api/internal/logic.(*Out).AddOutRecord
	D:/MXY/git/Inout/service/admin/api/internal/logic/out.go:88
mall-admin/api/internal/handler.(*Out).OutAdd.func1
	D:/MXY/git/Inout/service/admin/api/internal/handler/out.go:36
net/http.HandlerFunc.ServeHTTP
	D:/Environment/versions/go_versions/go/src/net/http/server.go:2084
mall-pkg/api.(*CorsMiddleware).Handle.func1
	D:/MXY/git/Inout/pkg/api/cors.go:33
net/http.HandlerFunc.ServeHTTP
	D:/Environment/versions/go_versions/go/src/net/http/server.go:2084
github.com/zeromicro/go-zero/rest/handler.GunzipHandler.func1
	D:/MXY/GoPath/pkg/mod/github.com/zeromicro/go-zero@v1.5.2/rest/handler/gunziphandler.go:26
net/http.HandlerFunc.ServeHTTP
	D:/Environment/versions/go_versions/go/src/net/http/server.go:2084
github.com/zeromicro/go-zero/rest/handler.MaxBytesHandler.func2.1
	D:/MXY/GoPath/pkg/mod/github.com/zeromicro/go-zero@v1.5.2/rest/handler/maxbyteshandler.go:24
net/http.HandlerFunc.ServeHTTP
	D:/Environment/versions/go_versions/go/src/net/http/server.go:2084
github.com/zeromicro/go-zero/rest/handler.MetricHandler.func1.1
	D:/MXY/GoPath/pkg/mod/github.com/zeromicro/go-zero@v1.5.2/rest/handler/metrichandler.go:21
net/http.HandlerFunc.ServeHTTP
	D:/Environment/versions/go_versions/go/src/net/http/server.go:2084
github.com/zeromicro/go-zero/rest/handler.RecoverHandler.func1
	D:/MXY/GoPath/pkg/mod/github.com/zeromicro/go-zero@v1.5.2/rest/handler/recoverhandler.go:21
net/http.HandlerFunc.ServeHTTP
	D:/Environment/versions/go_versions/go/src/net/http/server.go:2084
github.com/zeromicro/go-zero/rest/handler.(*timeoutHandler).ServeHTTP.func1
	D:/MXY/GoPath/pkg/mod/github.com/zeromicro/go-zero@v1.5.2/rest/handler/timeouthandler.go:81
2024/07/24 - 20:48:36.838	[31merror[0m	D:/MXY/git/Inout/service/admin/api/internal/logic/in.go:83	添加失败	{"error": "Error 1364 (HY000): Field 'id' doesn't have a default value"}
mall-admin/api/internal/logic.(*In).AddInRecord
	D:/MXY/git/Inout/service/admin/api/internal/logic/in.go:83
mall-admin/api/internal/handler.(*In).InAdd.func1
	D:/MXY/git/Inout/service/admin/api/internal/handler/in.go:36
net/http.HandlerFunc.ServeHTTP
	D:/Environment/versions/go_versions/go/src/net/http/server.go:2084
mall-pkg/api.(*CorsMiddleware).Handle.func1
	D:/MXY/git/Inout/pkg/api/cors.go:33
net/http.HandlerFunc.ServeHTTP
	D:/Environment/versions/go_versions/go/src/net/http/server.go:2084
github.com/zeromicro/go-zero/rest/handler.GunzipHandler.func1
	D:/MXY/GoPath/pkg/mod/github.com/zeromicro/go-zero@v1.5.2/rest/handler/gunziphandler.go:26
net/http.HandlerFunc.ServeHTTP
	D:/Environment/versions/go_versions/go/src/net/http/server.go:2084
github.com/zeromicro/go-zero/rest/handler.MaxBytesHandler.func2.1
	D:/MXY/GoPath/pkg/mod/github.com/zeromicro/go-zero@v1.5.2/rest/handler/maxbyteshandler.go:24
net/http.HandlerFunc.ServeHTTP
	D:/Environment/versions/go_versions/go/src/net/http/server.go:2084
github.com/zeromicro/go-zero/rest/handler.MetricHandler.func1.1
	D:/MXY/GoPath/pkg/mod/github.com/zeromicro/go-zero@v1.5.2/rest/handler/metrichandler.go:21
net/http.HandlerFunc.ServeHTTP
	D:/Environment/versions/go_versions/go/src/net/http/server.go:2084
github.com/zeromicro/go-zero/rest/handler.RecoverHandler.func1
	D:/MXY/GoPath/pkg/mod/github.com/zeromicro/go-zero@v1.5.2/rest/handler/recoverhandler.go:21
net/http.HandlerFunc.ServeHTTP
	D:/Environment/versions/go_versions/go/src/net/http/server.go:2084
github.com/zeromicro/go-zero/rest/handler.(*timeoutHandler).ServeHTTP.func1
	D:/MXY/GoPath/pkg/mod/github.com/zeromicro/go-zero@v1.5.2/rest/handler/timeouthandler.go:81
2024/07/24 - 20:48:52.294	[31merror[0m	D:/MXY/git/Inout/service/admin/api/internal/logic/in.go:83	添加失败	{"error": "Error 1054 (42S22): Unknown column 'date' in 'field list'"}
mall-admin/api/internal/logic.(*In).AddInRecord
	D:/MXY/git/Inout/service/admin/api/internal/logic/in.go:83
mall-admin/api/internal/handler.(*In).InAdd.func1
	D:/MXY/git/Inout/service/admin/api/internal/handler/in.go:36
net/http.HandlerFunc.ServeHTTP
	D:/Environment/versions/go_versions/go/src/net/http/server.go:2084
mall-pkg/api.(*CorsMiddleware).Handle.func1
	D:/MXY/git/Inout/pkg/api/cors.go:33
net/http.HandlerFunc.ServeHTTP
	D:/Environment/versions/go_versions/go/src/net/http/server.go:2084
github.com/zeromicro/go-zero/rest/handler.GunzipHandler.func1
	D:/MXY/GoPath/pkg/mod/github.com/zeromicro/go-zero@v1.5.2/rest/handler/gunziphandler.go:26
net/http.HandlerFunc.ServeHTTP
	D:/Environment/versions/go_versions/go/src/net/http/server.go:2084
github.com/zeromicro/go-zero/rest/handler.MaxBytesHandler.func2.1
	D:/MXY/GoPath/pkg/mod/github.com/zeromicro/go-zero@v1.5.2/rest/handler/maxbyteshandler.go:24
net/http.HandlerFunc.ServeHTTP
	D:/Environment/versions/go_versions/go/src/net/http/server.go:2084
github.com/zeromicro/go-zero/rest/handler.MetricHandler.func1.1
	D:/MXY/GoPath/pkg/mod/github.com/zeromicro/go-zero@v1.5.2/rest/handler/metrichandler.go:21
net/http.HandlerFunc.ServeHTTP
	D:/Environment/versions/go_versions/go/src/net/http/server.go:2084
github.com/zeromicro/go-zero/rest/handler.RecoverHandler.func1
	D:/MXY/GoPath/pkg/mod/github.com/zeromicro/go-zero@v1.5.2/rest/handler/recoverhandler.go:21
net/http.HandlerFunc.ServeHTTP
	D:/Environment/versions/go_versions/go/src/net/http/server.go:2084
github.com/zeromicro/go-zero/rest/handler.(*timeoutHandler).ServeHTTP.func1
	D:/MXY/GoPath/pkg/mod/github.com/zeromicro/go-zero@v1.5.2/rest/handler/timeouthandler.go:81
2024/07/24 - 20:49:36.924	[31merror[0m	D:/MXY/git/Inout/service/admin/api/internal/logic/in.go:83	添加失败	{"error": "Error 1292 (22007): Incorrect date value: '2024-07' for column 'date' at row 1"}
mall-admin/api/internal/logic.(*In).AddInRecord
	D:/MXY/git/Inout/service/admin/api/internal/logic/in.go:83
mall-admin/api/internal/handler.(*In).InAdd.func1
	D:/MXY/git/Inout/service/admin/api/internal/handler/in.go:36
net/http.HandlerFunc.ServeHTTP
	D:/Environment/versions/go_versions/go/src/net/http/server.go:2084
mall-pkg/api.(*CorsMiddleware).Handle.func1
	D:/MXY/git/Inout/pkg/api/cors.go:33
net/http.HandlerFunc.ServeHTTP
	D:/Environment/versions/go_versions/go/src/net/http/server.go:2084
github.com/zeromicro/go-zero/rest/handler.GunzipHandler.func1
	D:/MXY/GoPath/pkg/mod/github.com/zeromicro/go-zero@v1.5.2/rest/handler/gunziphandler.go:26
net/http.HandlerFunc.ServeHTTP
	D:/Environment/versions/go_versions/go/src/net/http/server.go:2084
github.com/zeromicro/go-zero/rest/handler.MaxBytesHandler.func2.1
	D:/MXY/GoPath/pkg/mod/github.com/zeromicro/go-zero@v1.5.2/rest/handler/maxbyteshandler.go:24
net/http.HandlerFunc.ServeHTTP
	D:/Environment/versions/go_versions/go/src/net/http/server.go:2084
github.com/zeromicro/go-zero/rest/handler.MetricHandler.func1.1
	D:/MXY/GoPath/pkg/mod/github.com/zeromicro/go-zero@v1.5.2/rest/handler/metrichandler.go:21
net/http.HandlerFunc.ServeHTTP
	D:/Environment/versions/go_versions/go/src/net/http/server.go:2084
github.com/zeromicro/go-zero/rest/handler.RecoverHandler.func1
	D:/MXY/GoPath/pkg/mod/github.com/zeromicro/go-zero@v1.5.2/rest/handler/recoverhandler.go:21
net/http.HandlerFunc.ServeHTTP
	D:/Environment/versions/go_versions/go/src/net/http/server.go:2084
github.com/zeromicro/go-zero/rest/handler.(*timeoutHandler).ServeHTTP.func1
	D:/MXY/GoPath/pkg/mod/github.com/zeromicro/go-zero@v1.5.2/rest/handler/timeouthandler.go:81
