2024/07/23 - 00:41:13.258	[31merror[0m	D:/MXY/git/Inout/service/admin/api/internal/logic/out.go:168	删除失败	{"error": "Error 1292 (22007): Incorrect date value: '2024-07' for column 'date' at row 1"}
mall-admin/api/internal/logic.(*Out).DelOutRecords
	D:/MXY/git/Inout/service/admin/api/internal/logic/out.go:168
mall-admin/api/internal/handler.(*Out).OutDel.func1
	D:/MXY/git/Inout/service/admin/api/internal/handler/out.go:64
net/http.HandlerFunc.ServeHTTP
	D:/Environment/versions/go_versions/go/src/net/http/server.go:2084
mall-pkg/api.(*CorsMiddleware).Handle.func1
	D:/MXY/git/Inout/pkg/api/cors.go:33
net/http.HandlerFunc.ServeHTTP
	D:/Environment/versions/go_versions/go/src/net/http/server.go:2084
github.com/zeromicro/go-zero/rest/handler.GunzipHandler.func1
	D:/MXY/GoPath/pkg/mod/github.com/zeromicro/go-zero@v1.5.2/rest/handler/gunziphandler.go:26
net/http.HandlerFunc.ServeHTTP
	D:/Environment/versions/go_versions/go/src/net/http/server.go:2084
github.com/zeromicro/go-zero/rest/handler.MaxBytesHandler.func2.1
	D:/MXY/GoPath/pkg/mod/github.com/zeromicro/go-zero@v1.5.2/rest/handler/maxbyteshandler.go:24
net/http.HandlerFunc.ServeHTTP
	D:/Environment/versions/go_versions/go/src/net/http/server.go:2084
github.com/zeromicro/go-zero/rest/handler.MetricHandler.func1.1
	D:/MXY/GoPath/pkg/mod/github.com/zeromicro/go-zero@v1.5.2/rest/handler/metrichandler.go:21
net/http.HandlerFunc.ServeHTTP
	D:/Environment/versions/go_versions/go/src/net/http/server.go:2084
github.com/zeromicro/go-zero/rest/handler.RecoverHandler.func1
	D:/MXY/GoPath/pkg/mod/github.com/zeromicro/go-zero@v1.5.2/rest/handler/recoverhandler.go:21
net/http.HandlerFunc.ServeHTTP
	D:/Environment/versions/go_versions/go/src/net/http/server.go:2084
github.com/zeromicro/go-zero/rest/handler.(*timeoutHandler).ServeHTTP.func1
	D:/MXY/GoPath/pkg/mod/github.com/zeromicro/go-zero@v1.5.2/rest/handler/timeouthandler.go:81
