2024/07/29 - 00:12:25.038	[31merror[0m	D:/MXY/git/Inout/service/admin/api/internal/logic/in.go:96	添加失败	{"error": "Error 1110 (42000): Column 'type' specified twice"}
mall-admin/api/internal/logic.(*In).AddInRecord
	D:/MXY/git/Inout/service/admin/api/internal/logic/in.go:96
mall-admin/api/internal/handler.(*In).InAdd.func1
	D:/MXY/git/Inout/service/admin/api/internal/handler/in.go:37
net/http.HandlerFunc.ServeHTTP
	D:/Environment/versions/go_versions/go/src/net/http/server.go:2084
mall-pkg/api.(*CorsMiddleware).Handle.func1
	D:/MXY/git/Inout/pkg/api/cors.go:33
net/http.HandlerFunc.ServeHTTP
	D:/Environment/versions/go_versions/go/src/net/http/server.go:2084
github.com/zeromicro/go-zero/rest/handler.GunzipHandler.func1
	D:/MXY/GoPath/pkg/mod/github.com/zeromicro/go-zero@v1.5.2/rest/handler/gunziphandler.go:26
net/http.HandlerFunc.ServeHTTP
	D:/Environment/versions/go_versions/go/src/net/http/server.go:2084
github.com/zeromicro/go-zero/rest/handler.MaxBytesHandler.func2.1
	D:/MXY/GoPath/pkg/mod/github.com/zeromicro/go-zero@v1.5.2/rest/handler/maxbyteshandler.go:24
net/http.HandlerFunc.ServeHTTP
	D:/Environment/versions/go_versions/go/src/net/http/server.go:2084
github.com/zeromicro/go-zero/rest/handler.MetricHandler.func1.1
	D:/MXY/GoPath/pkg/mod/github.com/zeromicro/go-zero@v1.5.2/rest/handler/metrichandler.go:21
net/http.HandlerFunc.ServeHTTP
	D:/Environment/versions/go_versions/go/src/net/http/server.go:2084
github.com/zeromicro/go-zero/rest/handler.RecoverHandler.func1
	D:/MXY/GoPath/pkg/mod/github.com/zeromicro/go-zero@v1.5.2/rest/handler/recoverhandler.go:21
net/http.HandlerFunc.ServeHTTP
	D:/Environment/versions/go_versions/go/src/net/http/server.go:2084
github.com/zeromicro/go-zero/rest/handler.(*timeoutHandler).ServeHTTP.func1
	D:/MXY/GoPath/pkg/mod/github.com/zeromicro/go-zero@v1.5.2/rest/handler/timeouthandler.go:81
2024/07/29 - 00:13:12.238	[31merror[0m	D:/MXY/git/Inout/service/admin/api/internal/logic/in.go:96	添加失败	{"error": "Error 1110 (42000): Column 'type' specified twice"}
mall-admin/api/internal/logic.(*In).AddInRecord
	D:/MXY/git/Inout/service/admin/api/internal/logic/in.go:96
mall-admin/api/internal/handler.(*In).InAdd.func1
	D:/MXY/git/Inout/service/admin/api/internal/handler/in.go:37
net/http.HandlerFunc.ServeHTTP
	D:/Environment/versions/go_versions/go/src/net/http/server.go:2084
mall-pkg/api.(*CorsMiddleware).Handle.func1
	D:/MXY/git/Inout/pkg/api/cors.go:33
net/http.HandlerFunc.ServeHTTP
	D:/Environment/versions/go_versions/go/src/net/http/server.go:2084
github.com/zeromicro/go-zero/rest/handler.GunzipHandler.func1
	D:/MXY/GoPath/pkg/mod/github.com/zeromicro/go-zero@v1.5.2/rest/handler/gunziphandler.go:26
net/http.HandlerFunc.ServeHTTP
	D:/Environment/versions/go_versions/go/src/net/http/server.go:2084
github.com/zeromicro/go-zero/rest/handler.MaxBytesHandler.func2.1
	D:/MXY/GoPath/pkg/mod/github.com/zeromicro/go-zero@v1.5.2/rest/handler/maxbyteshandler.go:24
net/http.HandlerFunc.ServeHTTP
	D:/Environment/versions/go_versions/go/src/net/http/server.go:2084
github.com/zeromicro/go-zero/rest/handler.MetricHandler.func1.1
	D:/MXY/GoPath/pkg/mod/github.com/zeromicro/go-zero@v1.5.2/rest/handler/metrichandler.go:21
net/http.HandlerFunc.ServeHTTP
	D:/Environment/versions/go_versions/go/src/net/http/server.go:2084
github.com/zeromicro/go-zero/rest/handler.RecoverHandler.func1
	D:/MXY/GoPath/pkg/mod/github.com/zeromicro/go-zero@v1.5.2/rest/handler/recoverhandler.go:21
net/http.HandlerFunc.ServeHTTP
	D:/Environment/versions/go_versions/go/src/net/http/server.go:2084
github.com/zeromicro/go-zero/rest/handler.(*timeoutHandler).ServeHTTP.func1
	D:/MXY/GoPath/pkg/mod/github.com/zeromicro/go-zero@v1.5.2/rest/handler/timeouthandler.go:81
2024/07/29 - 22:54:51.483	[31merror[0m	D:/MXY/git/Inout/service/admin/api/internal/logic/in.go:230	查询失败	{"error": "Error 1064 (42000): You have an error in your SQL syntax; check the manual that corresponds to your MySQL server version for the right syntax to use near 'des,date desc LIMIT 10' at line 1"}
mall-admin/api/internal/logic.(*In).InGetTypeDetail
	D:/MXY/git/Inout/service/admin/api/internal/logic/in.go:230
mall-admin/api/internal/handler.(*In).InGetTypeDetail.func1
	D:/MXY/git/Inout/service/admin/api/internal/handler/in.go:86
net/http.HandlerFunc.ServeHTTP
	D:/Environment/versions/go_versions/go/src/net/http/server.go:2084
mall-pkg/api.(*CorsMiddleware).Handle.func1
	D:/MXY/git/Inout/pkg/api/cors.go:33
net/http.HandlerFunc.ServeHTTP
	D:/Environment/versions/go_versions/go/src/net/http/server.go:2084
github.com/zeromicro/go-zero/rest/handler.GunzipHandler.func1
	D:/MXY/GoPath/pkg/mod/github.com/zeromicro/go-zero@v1.5.2/rest/handler/gunziphandler.go:26
net/http.HandlerFunc.ServeHTTP
	D:/Environment/versions/go_versions/go/src/net/http/server.go:2084
github.com/zeromicro/go-zero/rest/handler.MaxBytesHandler.func2.1
	D:/MXY/GoPath/pkg/mod/github.com/zeromicro/go-zero@v1.5.2/rest/handler/maxbyteshandler.go:24
net/http.HandlerFunc.ServeHTTP
	D:/Environment/versions/go_versions/go/src/net/http/server.go:2084
github.com/zeromicro/go-zero/rest/handler.MetricHandler.func1.1
	D:/MXY/GoPath/pkg/mod/github.com/zeromicro/go-zero@v1.5.2/rest/handler/metrichandler.go:21
net/http.HandlerFunc.ServeHTTP
	D:/Environment/versions/go_versions/go/src/net/http/server.go:2084
github.com/zeromicro/go-zero/rest/handler.RecoverHandler.func1
	D:/MXY/GoPath/pkg/mod/github.com/zeromicro/go-zero@v1.5.2/rest/handler/recoverhandler.go:21
net/http.HandlerFunc.ServeHTTP
	D:/Environment/versions/go_versions/go/src/net/http/server.go:2084
github.com/zeromicro/go-zero/rest/handler.(*timeoutHandler).ServeHTTP.func1
	D:/MXY/GoPath/pkg/mod/github.com/zeromicro/go-zero@v1.5.2/rest/handler/timeouthandler.go:81
