2024/06/16 - 18:48:31.588	[31merror[0m	D:/MXY/git/mall/service/product/api/internal/logic/admin/product.go:226	user-rpc	{"error": "rpc error: code = Unavailable desc = last connection error: connection error: desc = \"transport: Error while dialing: dial tcp 192.168.0.199:9000: connectex: A connection attempt failed because the connected party did not properly respond after a period of time, or established connection failed because connected host has failed to respond.\""}
mall-product/api/internal/logic/admin.(*Product).List
	D:/MXY/git/mall/service/product/api/internal/logic/admin/product.go:226
mall-product/api/internal/handler/admin.(*Product).List.func1
	D:/MXY/git/mall/service/product/api/internal/handler/admin/product.go:56
mall-pkg/api.(*AdminApiAuth).Middleware.func1
	D:/MXY/git/mall/pkg/api/adminapiauth.go:46
mall-pkg/api.(*AdminJwt).Middleware.func1
	D:/MXY/git/mall/pkg/api/adminjwt.go:54
net/http.HandlerFunc.ServeHTTP
	D:/Environment/versions/go_versions/go/src/net/http/server.go:2084
mall-pkg/api.(*CorsMiddleware).Handle.func1
	D:/MXY/git/mall/pkg/api/cors.go:33
net/http.HandlerFunc.ServeHTTP
	D:/Environment/versions/go_versions/go/src/net/http/server.go:2084
github.com/zeromicro/go-zero/rest/handler.GunzipHandler.func1
	D:/MXY/GoPath/pkg/mod/github.com/zeromicro/go-zero@v1.5.2/rest/handler/gunziphandler.go:26
net/http.HandlerFunc.ServeHTTP
	D:/Environment/versions/go_versions/go/src/net/http/server.go:2084
github.com/zeromicro/go-zero/rest/handler.MaxBytesHandler.func2.1
	D:/MXY/GoPath/pkg/mod/github.com/zeromicro/go-zero@v1.5.2/rest/handler/maxbyteshandler.go:24
net/http.HandlerFunc.ServeHTTP
	D:/Environment/versions/go_versions/go/src/net/http/server.go:2084
github.com/zeromicro/go-zero/rest/handler.MetricHandler.func1.1
	D:/MXY/GoPath/pkg/mod/github.com/zeromicro/go-zero@v1.5.2/rest/handler/metrichandler.go:21
net/http.HandlerFunc.ServeHTTP
	D:/Environment/versions/go_versions/go/src/net/http/server.go:2084
github.com/zeromicro/go-zero/rest/handler.RecoverHandler.func1
	D:/MXY/GoPath/pkg/mod/github.com/zeromicro/go-zero@v1.5.2/rest/handler/recoverhandler.go:21
net/http.HandlerFunc.ServeHTTP
	D:/Environment/versions/go_versions/go/src/net/http/server.go:2084
github.com/zeromicro/go-zero/rest/handler.(*timeoutHandler).ServeHTTP.func1
	D:/MXY/GoPath/pkg/mod/github.com/zeromicro/go-zero@v1.5.2/rest/handler/timeouthandler.go:81
